<?xml version="1.0" encoding="UTF-8"?>
<testng-results ignored="2" total="14" passed="9" failed="3" skipped="0">
  <reporter-output>
  </reporter-output>
  <suite started-at="2022-11-02T13:56:08 IST" name="RegressionSuite" finished-at="2022-11-02T13:59:13 IST" duration-ms="184992">
    <groups>
    </groups>
    <test started-at="2022-11-02T13:56:08 IST" name="EdgeTest" finished-at="2022-11-02T13:57:58 IST" duration-ms="109168">
      <class name="TestPackage.VerifyFramesFunctionalityTestNg">
        <test-method is-config="true" signature="launchbrowsers(java.lang.String)[pri:0, instance:TestPackage.VerifyFramesFunctionalityTestNg@35ef1869]" started-at="2022-11-02T13:56:08 IST" name="launchbrowsers" finished-at="2022-11-02T13:56:12 IST" duration-ms="3384" status="PASS">
          <params>
            <param index="0">
              <value>
                <![CDATA[Edge]]>
              </value>
            </param>
          </params>
          <reporter-output>
          </reporter-output>
        </test-method> <!-- launchbrowsers -->
        <test-method is-config="true" signature="createPOMObjects()[pri:0, instance:TestPackage.VerifyFramesFunctionalityTestNg@35ef1869]" started-at="2022-11-02T13:56:18 IST" name="createPOMObjects" finished-at="2022-11-02T13:56:18 IST" duration-ms="44" status="PASS">
          <reporter-output>
          </reporter-output>
        </test-method> <!-- createPOMObjects -->
        <test-method is-config="true" signature="launchApplication()[pri:0, instance:TestPackage.VerifyFramesFunctionalityTestNg@35ef1869]" started-at="2022-11-02T13:56:18 IST" name="launchApplication" finished-at="2022-11-02T13:56:35 IST" duration-ms="16676" status="PASS">
          <reporter-output>
          </reporter-output>
        </test-method> <!-- launchApplication -->
        <test-method signature="verifyMutipleFramesFunctionality()[pri:0, instance:TestPackage.VerifyFramesFunctionalityTestNg@35ef1869]" started-at="2022-11-02T13:56:35 IST" name="verifyMutipleFramesFunctionality" finished-at="2022-11-02T13:56:35 IST" duration-ms="770" status="PASS">
          <reporter-output>
          </reporter-output>
        </test-method> <!-- verifyMutipleFramesFunctionality -->
        <test-method is-config="true" signature="afterMethod()[pri:0, instance:TestPackage.VerifyFramesFunctionalityTestNg@35ef1869]" started-at="2022-11-02T13:56:35 IST" name="afterMethod" finished-at="2022-11-02T13:56:41 IST" duration-ms="6122" status="PASS">
          <reporter-output>
          </reporter-output>
        </test-method> <!-- afterMethod -->
        <test-method is-config="true" signature="launchApplication()[pri:0, instance:TestPackage.VerifyFramesFunctionalityTestNg@35ef1869]" started-at="2022-11-02T13:56:41 IST" name="launchApplication" finished-at="2022-11-02T13:57:10 IST" duration-ms="28273" status="PASS">
          <reporter-output>
          </reporter-output>
        </test-method> <!-- launchApplication -->
        <test-method signature="verifySingleFrameFubctionality()[pri:0, instance:TestPackage.VerifyFramesFunctionalityTestNg@35ef1869]" started-at="2022-11-02T13:57:10 IST" name="verifySingleFrameFubctionality" finished-at="2022-11-02T13:57:21 IST" duration-ms="11049" status="PASS">
          <reporter-output>
          </reporter-output>
        </test-method> <!-- verifySingleFrameFubctionality -->
        <test-method is-config="true" signature="afterMethod()[pri:0, instance:TestPackage.VerifyFramesFunctionalityTestNg@35ef1869]" started-at="2022-11-02T13:57:21 IST" name="afterMethod" finished-at="2022-11-02T13:57:26 IST" duration-ms="5386" status="PASS">
          <reporter-output>
          </reporter-output>
        </test-method> <!-- afterMethod -->
        <test-method is-config="true" signature="afterClass()[pri:0, instance:TestPackage.VerifyFramesFunctionalityTestNg@35ef1869]" started-at="2022-11-02T13:57:26 IST" name="afterClass" finished-at="2022-11-02T13:57:26 IST" duration-ms="0" status="PASS">
          <reporter-output>
          </reporter-output>
        </test-method> <!-- afterClass -->
        <test-method is-config="true" signature="clearObjects()[pri:0, instance:TestPackage.VerifyFramesFunctionalityTestNg@35ef1869]" started-at="2022-11-02T13:57:26 IST" name="clearObjects" finished-at="2022-11-02T13:57:26 IST" duration-ms="0" status="PASS">
          <reporter-output>
          </reporter-output>
        </test-method> <!-- clearObjects -->
        <test-method is-config="true" signature="closeBrowser()[pri:0, instance:TestPackage.VerifyFramesFunctionalityTestNg@35ef1869]" started-at="2022-11-02T13:57:50 IST" name="closeBrowser" finished-at="2022-11-02T13:57:51 IST" duration-ms="389" status="PASS">
          <reporter-output>
          </reporter-output>
        </test-method> <!-- closeBrowser -->
      </class> <!-- TestPackage.VerifyFramesFunctionalityTestNg -->
      <class name="TestPackage.VerifyRegisterAndVedioFunctionality">
        <test-method is-config="true" signature="launchbrowsers(java.lang.String)[pri:0, instance:TestPackage.VerifyRegisterAndVedioFunctionality@27ce24aa]" started-at="2022-11-02T13:56:15 IST" name="launchbrowsers" finished-at="2022-11-02T13:56:18 IST" duration-ms="2867" status="PASS">
          <params>
            <param index="0">
              <value>
                <![CDATA[Edge]]>
              </value>
            </param>
          </params>
          <reporter-output>
          </reporter-output>
        </test-method> <!-- launchbrowsers -->
        <test-method is-config="true" signature="createPOMObjects()[pri:0, instance:TestPackage.VerifyRegisterAndVedioFunctionality@27ce24aa]" started-at="2022-11-02T13:56:18 IST" name="createPOMObjects" finished-at="2022-11-02T13:56:18 IST" duration-ms="69" status="PASS">
          <reporter-output>
          </reporter-output>
        </test-method> <!-- createPOMObjects -->
        <test-method is-config="true" signature="launchApplication()[pri:0, instance:TestPackage.VerifyRegisterAndVedioFunctionality@27ce24aa]" started-at="2022-11-02T13:56:18 IST" name="launchApplication" finished-at="2022-11-02T13:56:27 IST" duration-ms="8683" status="PASS">
          <reporter-output>
          </reporter-output>
        </test-method> <!-- launchApplication -->
        <test-method signature="PersonalInfo()[pri:0, instance:TestPackage.VerifyRegisterAndVedioFunctionality@27ce24aa]" started-at="2022-11-02T13:56:27 IST" name="PersonalInfo" finished-at="2022-11-02T13:56:38 IST" duration-ms="10931" status="PASS">
          <reporter-output>
          </reporter-output>
        </test-method> <!-- PersonalInfo -->
        <test-method is-config="true" signature="logOutfromApp(org.testng.ITestResult)[pri:0, instance:TestPackage.VerifyRegisterAndVedioFunctionality@27ce24aa]" started-at="2022-11-02T13:56:38 IST" name="logOutfromApp" finished-at="2022-11-02T13:56:38 IST" duration-ms="283" status="PASS">
          <params>
            <param index="0">
              <value>
                <![CDATA[[TestResult name=PersonalInfo status=SUCCESS method=VerifyRegisterAndVedioFunctionality.PersonalInfo()[pri:0, instance:TestPackage.VerifyRegisterAndVedioFunctionality@27ce24aa] output={null}]]]>
              </value>
            </param>
          </params>
          <reporter-output>
          </reporter-output>
        </test-method> <!-- logOutfromApp -->
        <test-method is-config="true" signature="launchApplication()[pri:0, instance:TestPackage.VerifyRegisterAndVedioFunctionality@27ce24aa]" started-at="2022-11-02T13:56:38 IST" name="launchApplication" finished-at="2022-11-02T13:56:40 IST" duration-ms="2636" status="PASS">
          <reporter-output>
          </reporter-output>
        </test-method> <!-- launchApplication -->
        <test-method signature="verifyYoutubeVedioPlay()[pri:0, instance:TestPackage.VerifyRegisterAndVedioFunctionality@27ce24aa]" started-at="2022-11-02T13:56:40 IST" name="verifyYoutubeVedioPlay" finished-at="2022-11-02T13:56:49 IST" duration-ms="8930" status="PASS">
          <reporter-output>
          </reporter-output>
        </test-method> <!-- verifyYoutubeVedioPlay -->
        <test-method is-config="true" signature="logOutfromApp(org.testng.ITestResult)[pri:0, instance:TestPackage.VerifyRegisterAndVedioFunctionality@27ce24aa]" started-at="2022-11-02T13:56:49 IST" name="logOutfromApp" finished-at="2022-11-02T13:56:49 IST" duration-ms="15" status="PASS">
          <params>
            <param index="0">
              <value>
                <![CDATA[[TestResult name=verifyYoutubeVedioPlay status=SUCCESS method=VerifyRegisterAndVedioFunctionality.verifyYoutubeVedioPlay()[pri:0, instance:TestPackage.VerifyRegisterAndVedioFunctionality@27ce24aa] output={null}]]]>
              </value>
            </param>
          </params>
          <reporter-output>
          </reporter-output>
        </test-method> <!-- logOutfromApp -->
        <test-method is-config="true" signature="afterClass()[pri:0, instance:TestPackage.VerifyRegisterAndVedioFunctionality@27ce24aa]" started-at="2022-11-02T13:56:49 IST" name="afterClass" finished-at="2022-11-02T13:56:49 IST" duration-ms="1" status="PASS">
          <reporter-output>
          </reporter-output>
        </test-method> <!-- afterClass -->
        <test-method is-config="true" signature="afterTest()[pri:0, instance:TestPackage.VerifyRegisterAndVedioFunctionality@27ce24aa]" started-at="2022-11-02T13:57:51 IST" name="afterTest" finished-at="2022-11-02T13:57:58 IST" duration-ms="6519" status="PASS">
          <reporter-output>
          </reporter-output>
        </test-method> <!-- afterTest -->
      </class> <!-- TestPackage.VerifyRegisterAndVedioFunctionality -->
      <class name="TestPackage.VerifyPractiseSiteFunctionality">
        <test-method is-config="true" signature="launchbrowsers(java.lang.String)[pri:0, instance:TestPackage.VerifyPractiseSiteFunctionality@7722c3c3]" started-at="2022-11-02T13:56:12 IST" name="launchbrowsers" finished-at="2022-11-02T13:56:15 IST" duration-ms="3135" status="PASS">
          <params>
            <param index="0">
              <value>
                <![CDATA[Edge]]>
              </value>
            </param>
          </params>
          <reporter-output>
          </reporter-output>
        </test-method> <!-- launchbrowsers -->
        <test-method is-config="true" signature="createPOMObjects()[pri:0, instance:TestPackage.VerifyPractiseSiteFunctionality@7722c3c3]" started-at="2022-11-02T13:56:49 IST" name="createPOMObjects" finished-at="2022-11-02T13:56:49 IST" duration-ms="8" status="PASS">
          <reporter-output>
          </reporter-output>
        </test-method> <!-- createPOMObjects -->
        <test-method is-config="true" signature="launchApplication()[pri:0, instance:TestPackage.VerifyPractiseSiteFunctionality@7722c3c3]" started-at="2022-11-02T13:56:49 IST" name="launchApplication" finished-at="2022-11-02T13:57:08 IST" duration-ms="18144" status="PASS">
          <reporter-output>
          </reporter-output>
        </test-method> <!-- launchApplication -->
        <test-method signature="verifyKatalontutorial()[pri:0, instance:TestPackage.VerifyPractiseSiteFunctionality@7722c3c3]" started-at="2022-11-02T13:57:08 IST" name="verifyKatalontutorial" finished-at="2022-11-02T13:57:15 IST" duration-ms="7124" status="PASS">
          <reporter-output>
          </reporter-output>
        </test-method> <!-- verifyKatalontutorial -->
        <test-method is-config="true" signature="logOutfromApp(org.testng.ITestResult)[pri:0, instance:TestPackage.VerifyPractiseSiteFunctionality@7722c3c3]" started-at="2022-11-02T13:57:15 IST" name="logOutfromApp" finished-at="2022-11-02T13:57:18 IST" duration-ms="2927" status="PASS">
          <params>
            <param index="0">
              <value>
                <![CDATA[[TestResult name=verifyKatalontutorial status=SUCCESS method=VerifyPractiseSiteFunctionality.verifyKatalontutorial()[pri:0, instance:TestPackage.VerifyPractiseSiteFunctionality@7722c3c3] output={null}]]]>
              </value>
            </param>
          </params>
          <reporter-output>
          </reporter-output>
        </test-method> <!-- logOutfromApp -->
        <test-method is-config="true" signature="launchApplication()[pri:0, instance:TestPackage.VerifyPractiseSiteFunctionality@7722c3c3]" started-at="2022-11-02T13:57:18 IST" name="launchApplication" finished-at="2022-11-02T13:57:44 IST" duration-ms="26361" status="PASS">
          <reporter-output>
          </reporter-output>
        </test-method> <!-- launchApplication -->
        <test-method signature="verifySeleniumtutorial()[pri:0, instance:TestPackage.VerifyPractiseSiteFunctionality@7722c3c3]" started-at="2022-11-02T13:57:44 IST" name="verifySeleniumtutorial" finished-at="2022-11-02T13:57:49 IST" duration-ms="5095" status="PASS">
          <reporter-output>
          </reporter-output>
        </test-method> <!-- verifySeleniumtutorial -->
        <test-method is-config="true" signature="logOutfromApp(org.testng.ITestResult)[pri:0, instance:TestPackage.VerifyPractiseSiteFunctionality@7722c3c3]" started-at="2022-11-02T13:57:49 IST" name="logOutfromApp" finished-at="2022-11-02T13:57:50 IST" duration-ms="1312" status="PASS">
          <params>
            <param index="0">
              <value>
                <![CDATA[[TestResult name=verifySeleniumtutorial status=SUCCESS method=VerifyPractiseSiteFunctionality.verifySeleniumtutorial()[pri:0, instance:TestPackage.VerifyPractiseSiteFunctionality@7722c3c3] output={null}]]]>
              </value>
            </param>
          </params>
          <reporter-output>
          </reporter-output>
        </test-method> <!-- logOutfromApp -->
        <test-method is-config="true" signature="clearObjects()[pri:0, instance:TestPackage.VerifyPractiseSiteFunctionality@7722c3c3]" started-at="2022-11-02T13:57:50 IST" name="clearObjects" finished-at="2022-11-02T13:57:50 IST" duration-ms="0" status="PASS">
          <reporter-output>
          </reporter-output>
        </test-method> <!-- clearObjects -->
        <test-method is-config="true" signature="AfterClass()[pri:0, instance:TestPackage.VerifyPractiseSiteFunctionality@7722c3c3]" started-at="2022-11-02T13:57:51 IST" name="AfterClass" finished-at="2022-11-02T13:57:51 IST" duration-ms="306" status="PASS">
          <reporter-output>
          </reporter-output>
        </test-method> <!-- AfterClass -->
      </class> <!-- TestPackage.VerifyPractiseSiteFunctionality -->
    </test> <!-- EdgeTest -->
    <test started-at="2022-11-02T13:57:58 IST" name="FirfoxTest" finished-at="2022-11-02T13:59:13 IST" duration-ms="75795">
      <class name="TestPackage.VerifyFramesFunctionalityTestNg">
        <test-method is-config="true" signature="launchbrowsers(java.lang.String)[pri:0, instance:TestPackage.VerifyFramesFunctionalityTestNg@2e005c4b]" started-at="2022-11-02T13:57:58 IST" name="launchbrowsers" finished-at="2022-11-02T13:58:01 IST" duration-ms="3036" status="PASS">
          <params>
            <param index="0">
              <value>
                <![CDATA[Firefox]]>
              </value>
            </param>
          </params>
          <reporter-output>
          </reporter-output>
        </test-method> <!-- launchbrowsers -->
        <test-method is-config="true" signature="createPOMObjects()[pri:0, instance:TestPackage.VerifyFramesFunctionalityTestNg@2e005c4b]" started-at="2022-11-02T13:58:08 IST" name="createPOMObjects" finished-at="2022-11-02T13:58:08 IST" duration-ms="10" status="PASS">
          <reporter-output>
          </reporter-output>
        </test-method> <!-- createPOMObjects -->
        <test-method is-config="true" signature="launchApplication()[pri:0, instance:TestPackage.VerifyFramesFunctionalityTestNg@2e005c4b]" started-at="2022-11-02T13:58:08 IST" name="launchApplication" finished-at="2022-11-02T13:58:17 IST" duration-ms="9631" status="PASS">
          <reporter-output>
          </reporter-output>
        </test-method> <!-- launchApplication -->
        <test-method signature="verifyMutipleFramesFunctionality()[pri:0, instance:TestPackage.VerifyFramesFunctionalityTestNg@2e005c4b]" started-at="2022-11-02T13:58:17 IST" name="verifyMutipleFramesFunctionality" finished-at="2022-11-02T13:58:18 IST" duration-ms="822" status="PASS">
          <reporter-output>
          </reporter-output>
        </test-method> <!-- verifyMutipleFramesFunctionality -->
        <test-method is-config="true" signature="afterMethod()[pri:0, instance:TestPackage.VerifyFramesFunctionalityTestNg@2e005c4b]" started-at="2022-11-02T13:58:18 IST" name="afterMethod" finished-at="2022-11-02T13:58:19 IST" duration-ms="610" status="PASS">
          <reporter-output>
          </reporter-output>
        </test-method> <!-- afterMethod -->
        <test-method is-config="true" signature="launchApplication()[pri:0, instance:TestPackage.VerifyFramesFunctionalityTestNg@2e005c4b]" started-at="2022-11-02T13:58:19 IST" name="launchApplication" finished-at="2022-11-02T13:58:35 IST" duration-ms="16627" status="PASS">
          <reporter-output>
          </reporter-output>
        </test-method> <!-- launchApplication -->
        <test-method signature="verifySingleFrameFubctionality()[pri:0, instance:TestPackage.VerifyFramesFunctionalityTestNg@2e005c4b]" started-at="2022-11-02T13:58:35 IST" name="verifySingleFrameFubctionality" finished-at="2022-11-02T13:58:41 IST" duration-ms="5883" status="PASS">
          <reporter-output>
          </reporter-output>
        </test-method> <!-- verifySingleFrameFubctionality -->
        <test-method is-config="true" signature="afterMethod()[pri:0, instance:TestPackage.VerifyFramesFunctionalityTestNg@2e005c4b]" started-at="2022-11-02T13:58:41 IST" name="afterMethod" finished-at="2022-11-02T13:58:42 IST" duration-ms="632" status="PASS">
          <reporter-output>
          </reporter-output>
        </test-method> <!-- afterMethod -->
        <test-method is-config="true" signature="afterClass()[pri:0, instance:TestPackage.VerifyFramesFunctionalityTestNg@2e005c4b]" started-at="2022-11-02T13:58:42 IST" name="afterClass" finished-at="2022-11-02T13:58:42 IST" duration-ms="0" status="PASS">
          <reporter-output>
          </reporter-output>
        </test-method> <!-- afterClass -->
        <test-method is-config="true" signature="clearObjects()[pri:0, instance:TestPackage.VerifyFramesFunctionalityTestNg@2e005c4b]" started-at="2022-11-02T13:58:42 IST" name="clearObjects" finished-at="2022-11-02T13:58:42 IST" duration-ms="0" status="PASS">
          <reporter-output>
          </reporter-output>
        </test-method> <!-- clearObjects -->
        <test-method is-config="true" signature="closeBrowser()[pri:0, instance:TestPackage.VerifyFramesFunctionalityTestNg@2e005c4b]" started-at="2022-11-02T13:59:09 IST" name="closeBrowser" finished-at="2022-11-02T13:59:11 IST" duration-ms="1537" status="PASS">
          <reporter-output>
          </reporter-output>
        </test-method> <!-- closeBrowser -->
      </class> <!-- TestPackage.VerifyFramesFunctionalityTestNg -->
      <class name="TestPackage.VerifyRegisterAndVedioFunctionality">
        <test-method is-config="true" signature="launchbrowsers(java.lang.String)[pri:0, instance:TestPackage.VerifyRegisterAndVedioFunctionality@694abbdc]" started-at="2022-11-02T13:58:04 IST" name="launchbrowsers" finished-at="2022-11-02T13:58:08 IST" duration-ms="3550" status="PASS">
          <params>
            <param index="0">
              <value>
                <![CDATA[Firefox]]>
              </value>
            </param>
          </params>
          <reporter-output>
          </reporter-output>
        </test-method> <!-- launchbrowsers -->
        <test-method is-config="true" signature="createPOMObjects()[pri:0, instance:TestPackage.VerifyRegisterAndVedioFunctionality@694abbdc]" started-at="2022-11-02T13:58:08 IST" name="createPOMObjects" finished-at="2022-11-02T13:58:08 IST" duration-ms="2" status="PASS">
          <reporter-output>
          </reporter-output>
        </test-method> <!-- createPOMObjects -->
        <test-method is-config="true" signature="launchApplication()[pri:0, instance:TestPackage.VerifyRegisterAndVedioFunctionality@694abbdc]" started-at="2022-11-02T13:58:08 IST" name="launchApplication" finished-at="2022-11-02T13:58:15 IST" duration-ms="7667" status="PASS">
          <reporter-output>
          </reporter-output>
        </test-method> <!-- launchApplication -->
        <test-method signature="PersonalInfo()[pri:0, instance:TestPackage.VerifyRegisterAndVedioFunctionality@694abbdc]" started-at="2022-11-02T13:58:15 IST" name="PersonalInfo" finished-at="2022-11-02T13:58:23 IST" duration-ms="8140" status="FAIL">
          <exception class="org.openqa.selenium.ElementClickInterceptedException">
            <message>
              <![CDATA[Element <select id="Skills" class="form-control ng-pristine ng-untouched ng-valid" type="text"> is not clickable at point (621,533) because another element <li class="ng-scope"> obscures it
Build info: version: '3.141.59', revision: 'e82be7d358', time: '2018-11-14T08:17:03'
System info: host: 'AMBU', ip: '192.168.43.166', os.name: 'Windows 11', os.arch: 'amd64', os.version: '10.0', java.version: '18.0.1.1'
Driver info: org.openqa.selenium.firefox.FirefoxDriver
Capabilities {acceptInsecureCerts: true, browserName: firefox, browserVersion: 106.0.3, javascriptEnabled: true, moz:accessibilityChecks: false, moz:buildID: 20221030091646, moz:geckodriverVersion: 0.32.0, moz:headless: false, moz:platformVersion: 10.0, moz:processID: 75320, moz:profile: C:\Users\ftvas\AppData\Loca..., moz:shutdownTimeout: 60000, moz:useNonSpecCompliantPointerOrigin: false, moz:webdriverClick: true, moz:windowless: false, pageLoadStrategy: normal, platform: WINDOWS, platformName: WINDOWS, proxy: Proxy(), setWindowRect: true, strictFileInteractability: false, timeouts: {implicit: 0, pageLoad: 300000, script: 30000}, unhandledPromptBehavior: dismiss and notify}
Session ID: 6ca34ab8-1cb7-44ec-adbe-7e860e0fe8db]]>
            </message>
            <full-stacktrace>
              <![CDATA[org.openqa.selenium.ElementClickInterceptedException: Element <select id="Skills" class="form-control ng-pristine ng-untouched ng-valid" type="text"> is not clickable at point (621,533) because another element <li class="ng-scope"> obscures it
Build info: version: '3.141.59', revision: 'e82be7d358', time: '2018-11-14T08:17:03'
System info: host: 'AMBU', ip: '192.168.43.166', os.name: 'Windows 11', os.arch: 'amd64', os.version: '10.0', java.version: '18.0.1.1'
Driver info: org.openqa.selenium.firefox.FirefoxDriver
Capabilities {acceptInsecureCerts: true, browserName: firefox, browserVersion: 106.0.3, javascriptEnabled: true, moz:accessibilityChecks: false, moz:buildID: 20221030091646, moz:geckodriverVersion: 0.32.0, moz:headless: false, moz:platformVersion: 10.0, moz:processID: 75320, moz:profile: C:\Users\ftvas\AppData\Loca..., moz:shutdownTimeout: 60000, moz:useNonSpecCompliantPointerOrigin: false, moz:webdriverClick: true, moz:windowless: false, pageLoadStrategy: normal, platform: WINDOWS, platformName: WINDOWS, proxy: Proxy(), setWindowRect: true, strictFileInteractability: false, timeouts: {implicit: 0, pageLoad: 300000, script: 30000}, unhandledPromptBehavior: dismiss and notify}
Session ID: 6ca34ab8-1cb7-44ec-adbe-7e860e0fe8db
at java.base/jdk.internal.reflect.DirectConstructorHandleAccessor.newInstance(DirectConstructorHandleAccessor.java:67)
at java.base/java.lang.reflect.Constructor.newInstanceWithCaller(Constructor.java:499)
at java.base/java.lang.reflect.Constructor.newInstance(Constructor.java:483)
at org.openqa.selenium.remote.http.W3CHttpResponseCodec.createException(W3CHttpResponseCodec.java:187)
at org.openqa.selenium.remote.http.W3CHttpResponseCodec.decode(W3CHttpResponseCodec.java:122)
at org.openqa.selenium.remote.http.W3CHttpResponseCodec.decode(W3CHttpResponseCodec.java:49)
at org.openqa.selenium.remote.HttpCommandExecutor.execute(HttpCommandExecutor.java:158)
at org.openqa.selenium.remote.service.DriverCommandExecutor.execute(DriverCommandExecutor.java:83)
at org.openqa.selenium.remote.RemoteWebDriver.execute(RemoteWebDriver.java:552)
at org.openqa.selenium.remote.RemoteWebElement.execute(RemoteWebElement.java:285)
at org.openqa.selenium.remote.RemoteWebElement.click(RemoteWebElement.java:84)
at Pages.Register.selectMultipleDropDown(Register.java:177)
at Pages.Register.clickOnskills(Register.java:154)
at TestPackage.VerifyRegisterAndVedioFunctionality.PersonalInfo(VerifyRegisterAndVedioFunctionality.java:73)
at java.base/jdk.internal.reflect.DirectMethodHandleAccessor.invoke(DirectMethodHandleAccessor.java:104)
at java.base/java.lang.reflect.Method.invoke(Method.java:577)
at org.testng.internal.MethodInvocationHelper.invokeMethod(MethodInvocationHelper.java:133)
at org.testng.internal.TestInvoker.invokeMethod(TestInvoker.java:598)
at org.testng.internal.TestInvoker.invokeTestMethod(TestInvoker.java:173)
at org.testng.internal.MethodRunner.runInSequence(MethodRunner.java:46)
at org.testng.internal.TestInvoker$MethodInvocationAgent.invoke(TestInvoker.java:824)
at org.testng.internal.TestInvoker.invokeTestMethods(TestInvoker.java:146)
at org.testng.internal.TestMethodWorker.invokeTestMethods(TestMethodWorker.java:146)
at org.testng.internal.TestMethodWorker.run(TestMethodWorker.java:128)
at java.base/java.util.concurrent.ThreadPoolExecutor.runWorker(ThreadPoolExecutor.java:1136)
at java.base/java.util.concurrent.ThreadPoolExecutor$Worker.run(ThreadPoolExecutor.java:635)
at java.base/java.lang.Thread.run(Thread.java:833)
]]>
            </full-stacktrace>
          </exception> <!-- org.openqa.selenium.ElementClickInterceptedException -->
          <reporter-output>
          </reporter-output>
        </test-method> <!-- PersonalInfo -->
        <test-method is-config="true" signature="logOutfromApp(org.testng.ITestResult)[pri:0, instance:TestPackage.VerifyRegisterAndVedioFunctionality@694abbdc]" started-at="2022-11-02T13:58:23 IST" name="logOutfromApp" finished-at="2022-11-02T13:58:24 IST" duration-ms="384" status="PASS">
          <params>
            <param index="0">
              <value>
                <![CDATA[[TestResult name=PersonalInfo status=FAILURE method=VerifyRegisterAndVedioFunctionality.PersonalInfo()[pri:0, instance:TestPackage.VerifyRegisterAndVedioFunctionality@694abbdc] output={null}]]]>
              </value>
            </param>
          </params>
          <reporter-output>
          </reporter-output>
        </test-method> <!-- logOutfromApp -->
        <test-method is-config="true" signature="launchApplication()[pri:0, instance:TestPackage.VerifyRegisterAndVedioFunctionality@694abbdc]" started-at="2022-11-02T13:58:24 IST" name="launchApplication" finished-at="2022-11-02T13:58:27 IST" duration-ms="2856" status="PASS">
          <reporter-output>
          </reporter-output>
        </test-method> <!-- launchApplication -->
        <test-method signature="verifyYoutubeVedioPlay()[pri:0, instance:TestPackage.VerifyRegisterAndVedioFunctionality@694abbdc]" started-at="2022-11-02T13:58:27 IST" name="verifyYoutubeVedioPlay" finished-at="2022-11-02T13:58:31 IST" duration-ms="4057" status="FAIL">
          <exception class="org.openqa.selenium.ElementNotInteractableException">
            <message>
              <![CDATA[Element <button class="ytp-large-play-button ytp-button ytp-large-play-button-red-bg"> could not be scrolled into view
Build info: version: '3.141.59', revision: 'e82be7d358', time: '2018-11-14T08:17:03'
System info: host: 'AMBU', ip: '192.168.43.166', os.name: 'Windows 11', os.arch: 'amd64', os.version: '10.0', java.version: '18.0.1.1'
Driver info: org.openqa.selenium.firefox.FirefoxDriver
Capabilities {acceptInsecureCerts: true, browserName: firefox, browserVersion: 106.0.3, javascriptEnabled: true, moz:accessibilityChecks: false, moz:buildID: 20221030091646, moz:geckodriverVersion: 0.32.0, moz:headless: false, moz:platformVersion: 10.0, moz:processID: 75320, moz:profile: C:\Users\ftvas\AppData\Loca..., moz:shutdownTimeout: 60000, moz:useNonSpecCompliantPointerOrigin: false, moz:webdriverClick: true, moz:windowless: false, pageLoadStrategy: normal, platform: WINDOWS, platformName: WINDOWS, proxy: Proxy(), setWindowRect: true, strictFileInteractability: false, timeouts: {implicit: 0, pageLoad: 300000, script: 30000}, unhandledPromptBehavior: dismiss and notify}
Session ID: 6ca34ab8-1cb7-44ec-adbe-7e860e0fe8db]]>
            </message>
            <full-stacktrace>
              <![CDATA[org.openqa.selenium.ElementNotInteractableException: Element <button class="ytp-large-play-button ytp-button ytp-large-play-button-red-bg"> could not be scrolled into view
Build info: version: '3.141.59', revision: 'e82be7d358', time: '2018-11-14T08:17:03'
System info: host: 'AMBU', ip: '192.168.43.166', os.name: 'Windows 11', os.arch: 'amd64', os.version: '10.0', java.version: '18.0.1.1'
Driver info: org.openqa.selenium.firefox.FirefoxDriver
Capabilities {acceptInsecureCerts: true, browserName: firefox, browserVersion: 106.0.3, javascriptEnabled: true, moz:accessibilityChecks: false, moz:buildID: 20221030091646, moz:geckodriverVersion: 0.32.0, moz:headless: false, moz:platformVersion: 10.0, moz:processID: 75320, moz:profile: C:\Users\ftvas\AppData\Loca..., moz:shutdownTimeout: 60000, moz:useNonSpecCompliantPointerOrigin: false, moz:webdriverClick: true, moz:windowless: false, pageLoadStrategy: normal, platform: WINDOWS, platformName: WINDOWS, proxy: Proxy(), setWindowRect: true, strictFileInteractability: false, timeouts: {implicit: 0, pageLoad: 300000, script: 30000}, unhandledPromptBehavior: dismiss and notify}
Session ID: 6ca34ab8-1cb7-44ec-adbe-7e860e0fe8db
at java.base/jdk.internal.reflect.DirectConstructorHandleAccessor.newInstance(DirectConstructorHandleAccessor.java:67)
at java.base/java.lang.reflect.Constructor.newInstanceWithCaller(Constructor.java:499)
at java.base/java.lang.reflect.Constructor.newInstance(Constructor.java:483)
at org.openqa.selenium.remote.http.W3CHttpResponseCodec.createException(W3CHttpResponseCodec.java:187)
at org.openqa.selenium.remote.http.W3CHttpResponseCodec.decode(W3CHttpResponseCodec.java:122)
at org.openqa.selenium.remote.http.W3CHttpResponseCodec.decode(W3CHttpResponseCodec.java:49)
at org.openqa.selenium.remote.HttpCommandExecutor.execute(HttpCommandExecutor.java:158)
at org.openqa.selenium.remote.service.DriverCommandExecutor.execute(DriverCommandExecutor.java:83)
at org.openqa.selenium.remote.RemoteWebDriver.execute(RemoteWebDriver.java:552)
at org.openqa.selenium.remote.RemoteWebElement.execute(RemoteWebElement.java:285)
at org.openqa.selenium.remote.RemoteWebElement.click(RemoteWebElement.java:84)
at java.base/jdk.internal.reflect.DirectMethodHandleAccessor.invoke(DirectMethodHandleAccessor.java:104)
at java.base/java.lang.reflect.Method.invoke(Method.java:577)
at org.openqa.selenium.support.pagefactory.internal.LocatingElementHandler.invoke(LocatingElementHandler.java:51)
at jdk.proxy2/jdk.proxy2.$Proxy17.click(Unknown Source)
at Pages.Vedio.playYoutubeVedio(Vedio.java:39)
at TestPackage.VerifyRegisterAndVedioFunctionality.verifyYoutubeVedioPlay(VerifyRegisterAndVedioFunctionality.java:107)
at java.base/jdk.internal.reflect.DirectMethodHandleAccessor.invoke(DirectMethodHandleAccessor.java:104)
at java.base/java.lang.reflect.Method.invoke(Method.java:577)
at org.testng.internal.MethodInvocationHelper.invokeMethod(MethodInvocationHelper.java:133)
at org.testng.internal.TestInvoker.invokeMethod(TestInvoker.java:598)
at org.testng.internal.TestInvoker.invokeTestMethod(TestInvoker.java:173)
at org.testng.internal.MethodRunner.runInSequence(MethodRunner.java:46)
at org.testng.internal.TestInvoker$MethodInvocationAgent.invoke(TestInvoker.java:824)
at org.testng.internal.TestInvoker.invokeTestMethods(TestInvoker.java:146)
at org.testng.internal.TestMethodWorker.invokeTestMethods(TestMethodWorker.java:146)
at org.testng.internal.TestMethodWorker.run(TestMethodWorker.java:128)
at java.base/java.util.concurrent.ThreadPoolExecutor.runWorker(ThreadPoolExecutor.java:1136)
at java.base/java.util.concurrent.ThreadPoolExecutor$Worker.run(ThreadPoolExecutor.java:635)
at java.base/java.lang.Thread.run(Thread.java:833)
]]>
            </full-stacktrace>
          </exception> <!-- org.openqa.selenium.ElementNotInteractableException -->
          <reporter-output>
          </reporter-output>
        </test-method> <!-- verifyYoutubeVedioPlay -->
        <test-method is-config="true" signature="logOutfromApp(org.testng.ITestResult)[pri:0, instance:TestPackage.VerifyRegisterAndVedioFunctionality@694abbdc]" started-at="2022-11-02T13:58:31 IST" name="logOutfromApp" finished-at="2022-11-02T13:58:31 IST" duration-ms="4" status="FAIL">
          <params>
            <param index="0">
              <value>
                <![CDATA[[TestResult name=verifyYoutubeVedioPlay status=FAILURE method=VerifyRegisterAndVedioFunctionality.verifyYoutubeVedioPlay()[pri:0, instance:TestPackage.VerifyRegisterAndVedioFunctionality@694abbdc] output={null}]]]>
              </value>
            </param>
          </params>
          <exception class="org.openqa.selenium.WebDriverException">
            <message>
              <![CDATA[SecurityError: Permission denied to access property "pageXOffset" on cross-origin object
Build info: version: '3.141.59', revision: 'e82be7d358', time: '2018-11-14T08:17:03'
System info: host: 'AMBU', ip: '192.168.43.166', os.name: 'Windows 11', os.arch: 'amd64', os.version: '10.0', java.version: '18.0.1.1'
Driver info: org.openqa.selenium.firefox.FirefoxDriver
Capabilities {acceptInsecureCerts: true, browserName: firefox, browserVersion: 106.0.3, javascriptEnabled: true, moz:accessibilityChecks: false, moz:buildID: 20221030091646, moz:geckodriverVersion: 0.32.0, moz:headless: false, moz:platformVersion: 10.0, moz:processID: 75320, moz:profile: C:\Users\ftvas\AppData\Loca..., moz:shutdownTimeout: 60000, moz:useNonSpecCompliantPointerOrigin: false, moz:webdriverClick: true, moz:windowless: false, pageLoadStrategy: normal, platform: WINDOWS, platformName: WINDOWS, proxy: Proxy(), setWindowRect: true, strictFileInteractability: false, timeouts: {implicit: 0, pageLoad: 300000, script: 30000}, unhandledPromptBehavior: dismiss and notify}
Session ID: 6ca34ab8-1cb7-44ec-adbe-7e860e0fe8db]]>
            </message>
            <full-stacktrace>
              <![CDATA[org.openqa.selenium.WebDriverException: SecurityError: Permission denied to access property "pageXOffset" on cross-origin object
Build info: version: '3.141.59', revision: 'e82be7d358', time: '2018-11-14T08:17:03'
System info: host: 'AMBU', ip: '192.168.43.166', os.name: 'Windows 11', os.arch: 'amd64', os.version: '10.0', java.version: '18.0.1.1'
Driver info: org.openqa.selenium.firefox.FirefoxDriver
Capabilities {acceptInsecureCerts: true, browserName: firefox, browserVersion: 106.0.3, javascriptEnabled: true, moz:accessibilityChecks: false, moz:buildID: 20221030091646, moz:geckodriverVersion: 0.32.0, moz:headless: false, moz:platformVersion: 10.0, moz:processID: 75320, moz:profile: C:\Users\ftvas\AppData\Loca..., moz:shutdownTimeout: 60000, moz:useNonSpecCompliantPointerOrigin: false, moz:webdriverClick: true, moz:windowless: false, pageLoadStrategy: normal, platform: WINDOWS, platformName: WINDOWS, proxy: Proxy(), setWindowRect: true, strictFileInteractability: false, timeouts: {implicit: 0, pageLoad: 300000, script: 30000}, unhandledPromptBehavior: dismiss and notify}
Session ID: 6ca34ab8-1cb7-44ec-adbe-7e860e0fe8db
at java.base/jdk.internal.reflect.DirectConstructorHandleAccessor.newInstance(DirectConstructorHandleAccessor.java:67)
at java.base/java.lang.reflect.Constructor.newInstanceWithCaller(Constructor.java:499)
at java.base/java.lang.reflect.Constructor.newInstance(Constructor.java:483)
at org.openqa.selenium.remote.http.W3CHttpResponseCodec.createException(W3CHttpResponseCodec.java:187)
at org.openqa.selenium.remote.http.W3CHttpResponseCodec.decode(W3CHttpResponseCodec.java:122)
at org.openqa.selenium.remote.http.W3CHttpResponseCodec.decode(W3CHttpResponseCodec.java:49)
at org.openqa.selenium.remote.HttpCommandExecutor.execute(HttpCommandExecutor.java:158)
at org.openqa.selenium.remote.service.DriverCommandExecutor.execute(DriverCommandExecutor.java:83)
at org.openqa.selenium.remote.RemoteWebDriver.execute(RemoteWebDriver.java:552)
at org.openqa.selenium.remote.RemoteWebDriver.execute(RemoteWebDriver.java:609)
at org.openqa.selenium.remote.RemoteWebDriver.getScreenshotAs(RemoteWebDriver.java:295)
at utils.UtilityClass.captureScreenShots(UtilityClass.java:26)
at TestPackage.VerifyRegisterAndVedioFunctionality.logOutfromApp(VerifyRegisterAndVedioFunctionality.java:119)
at java.base/jdk.internal.reflect.DirectMethodHandleAccessor.invoke(DirectMethodHandleAccessor.java:104)
at java.base/java.lang.reflect.Method.invoke(Method.java:577)
at org.testng.internal.MethodInvocationHelper.invokeMethod(MethodInvocationHelper.java:133)
at org.testng.internal.MethodInvocationHelper.invokeMethodConsideringTimeout(MethodInvocationHelper.java:62)
at org.testng.internal.ConfigInvoker.invokeConfigurationMethod(ConfigInvoker.java:385)
at org.testng.internal.ConfigInvoker.invokeConfigurations(ConfigInvoker.java:321)
at org.testng.internal.TestInvoker.runConfigMethods(TestInvoker.java:700)
at org.testng.internal.TestInvoker.runAfterGroupsConfigurations(TestInvoker.java:676)
at org.testng.internal.TestInvoker.invokeMethod(TestInvoker.java:660)
at org.testng.internal.TestInvoker.invokeTestMethod(TestInvoker.java:173)
at org.testng.internal.MethodRunner.runInSequence(MethodRunner.java:46)
at org.testng.internal.TestInvoker$MethodInvocationAgent.invoke(TestInvoker.java:824)
at org.testng.internal.TestInvoker.invokeTestMethods(TestInvoker.java:146)
at org.testng.internal.TestMethodWorker.invokeTestMethods(TestMethodWorker.java:146)
at org.testng.internal.TestMethodWorker.run(TestMethodWorker.java:128)
at java.base/java.util.concurrent.ThreadPoolExecutor.runWorker(ThreadPoolExecutor.java:1136)
at java.base/java.util.concurrent.ThreadPoolExecutor$Worker.run(ThreadPoolExecutor.java:635)
at java.base/java.lang.Thread.run(Thread.java:833)
]]>
            </full-stacktrace>
          </exception> <!-- org.openqa.selenium.WebDriverException -->
          <reporter-output>
          </reporter-output>
        </test-method> <!-- logOutfromApp -->
        <test-method is-config="true" signature="afterClass()[pri:0, instance:TestPackage.VerifyRegisterAndVedioFunctionality@694abbdc]" started-at="2022-11-02T13:58:31 IST" name="afterClass" finished-at="1970-01-01T05:30:00 IST" duration-ms="-1667377711257" status="SKIP">
          <reporter-output>
          </reporter-output>
        </test-method> <!-- afterClass -->
        <test-method is-config="true" signature="afterTest()[pri:0, instance:TestPackage.VerifyRegisterAndVedioFunctionality@694abbdc]" started-at="2022-11-02T13:59:12 IST" name="afterTest" finished-at="2022-11-02T13:59:13 IST" duration-ms="1353" status="PASS">
          <reporter-output>
          </reporter-output>
        </test-method> <!-- afterTest -->
      </class> <!-- TestPackage.VerifyRegisterAndVedioFunctionality -->
      <class name="TestPackage.VerifyPractiseSiteFunctionality">
        <test-method is-config="true" signature="launchbrowsers(java.lang.String)[pri:0, instance:TestPackage.VerifyPractiseSiteFunctionality@4567f35d]" started-at="2022-11-02T13:58:01 IST" name="launchbrowsers" finished-at="2022-11-02T13:58:04 IST" duration-ms="3433" status="PASS">
          <params>
            <param index="0">
              <value>
                <![CDATA[Firefox]]>
              </value>
            </param>
          </params>
          <reporter-output>
          </reporter-output>
        </test-method> <!-- launchbrowsers -->
        <test-method is-config="true" signature="createPOMObjects()[pri:0, instance:TestPackage.VerifyPractiseSiteFunctionality@4567f35d]" started-at="2022-11-02T13:58:31 IST" name="createPOMObjects" finished-at="2022-11-02T13:58:31 IST" duration-ms="2" status="PASS">
          <reporter-output>
          </reporter-output>
        </test-method> <!-- createPOMObjects -->
        <test-method is-config="true" signature="launchApplication()[pri:0, instance:TestPackage.VerifyPractiseSiteFunctionality@4567f35d]" started-at="2022-11-02T13:58:31 IST" name="launchApplication" finished-at="2022-11-02T13:58:38 IST" duration-ms="7392" status="PASS">
          <reporter-output>
          </reporter-output>
        </test-method> <!-- launchApplication -->
        <test-method signature="verifyKatalontutorial()[pri:0, instance:TestPackage.VerifyPractiseSiteFunctionality@4567f35d]" started-at="2022-11-02T13:58:38 IST" name="verifyKatalontutorial" finished-at="2022-11-02T13:58:43 IST" duration-ms="5012" status="FAIL">
          <exception class="org.openqa.selenium.NoSuchElementException">
            <message>
              <![CDATA[Unable to locate element: //a[text()='AT Site']
For documentation on this error, please visit: https://www.seleniumhq.org/exceptions/no_such_element.html
Build info: version: '3.141.59', revision: 'e82be7d358', time: '2018-11-14T08:17:03'
System info: host: 'AMBU', ip: '192.168.43.166', os.name: 'Windows 11', os.arch: 'amd64', os.version: '10.0', java.version: '18.0.1.1'
Driver info: org.openqa.selenium.firefox.FirefoxDriver
Capabilities {acceptInsecureCerts: true, browserName: firefox, browserVersion: 106.0.3, javascriptEnabled: true, moz:accessibilityChecks: false, moz:buildID: 20221030091646, moz:geckodriverVersion: 0.32.0, moz:headless: false, moz:platformVersion: 10.0, moz:processID: 63384, moz:profile: C:\Users\ftvas\AppData\Loca..., moz:shutdownTimeout: 60000, moz:useNonSpecCompliantPointerOrigin: false, moz:webdriverClick: true, moz:windowless: false, pageLoadStrategy: normal, platform: WINDOWS, platformName: WINDOWS, proxy: Proxy(), setWindowRect: true, strictFileInteractability: false, timeouts: {implicit: 0, pageLoad: 300000, script: 30000}, unhandledPromptBehavior: dismiss and notify}
Session ID: 32a7a83a-d582-4b6b-846f-c8483c545a38
*** Element info: {Using=xpath, value=//a[text()='AT Site']}]]>
            </message>
            <full-stacktrace>
              <![CDATA[org.openqa.selenium.NoSuchElementException: Unable to locate element: //a[text()='AT Site']
For documentation on this error, please visit: https://www.seleniumhq.org/exceptions/no_such_element.html
Build info: version: '3.141.59', revision: 'e82be7d358', time: '2018-11-14T08:17:03'
System info: host: 'AMBU', ip: '192.168.43.166', os.name: 'Windows 11', os.arch: 'amd64', os.version: '10.0', java.version: '18.0.1.1'
Driver info: org.openqa.selenium.firefox.FirefoxDriver
Capabilities {acceptInsecureCerts: true, browserName: firefox, browserVersion: 106.0.3, javascriptEnabled: true, moz:accessibilityChecks: false, moz:buildID: 20221030091646, moz:geckodriverVersion: 0.32.0, moz:headless: false, moz:platformVersion: 10.0, moz:processID: 63384, moz:profile: C:\Users\ftvas\AppData\Loca..., moz:shutdownTimeout: 60000, moz:useNonSpecCompliantPointerOrigin: false, moz:webdriverClick: true, moz:windowless: false, pageLoadStrategy: normal, platform: WINDOWS, platformName: WINDOWS, proxy: Proxy(), setWindowRect: true, strictFileInteractability: false, timeouts: {implicit: 0, pageLoad: 300000, script: 30000}, unhandledPromptBehavior: dismiss and notify}
Session ID: 32a7a83a-d582-4b6b-846f-c8483c545a38
*** Element info: {Using=xpath, value=//a[text()='AT Site']}
at java.base/jdk.internal.reflect.DirectConstructorHandleAccessor.newInstance(DirectConstructorHandleAccessor.java:67)
at java.base/java.lang.reflect.Constructor.newInstanceWithCaller(Constructor.java:499)
at java.base/java.lang.reflect.Constructor.newInstance(Constructor.java:483)
at org.openqa.selenium.remote.http.W3CHttpResponseCodec.createException(W3CHttpResponseCodec.java:187)
at org.openqa.selenium.remote.http.W3CHttpResponseCodec.decode(W3CHttpResponseCodec.java:122)
at org.openqa.selenium.remote.http.W3CHttpResponseCodec.decode(W3CHttpResponseCodec.java:49)
at org.openqa.selenium.remote.HttpCommandExecutor.execute(HttpCommandExecutor.java:158)
at org.openqa.selenium.remote.service.DriverCommandExecutor.execute(DriverCommandExecutor.java:83)
at org.openqa.selenium.remote.RemoteWebDriver.execute(RemoteWebDriver.java:552)
at org.openqa.selenium.remote.RemoteWebDriver.findElement(RemoteWebDriver.java:323)
at org.openqa.selenium.remote.RemoteWebDriver.findElementByXPath(RemoteWebDriver.java:428)
at org.openqa.selenium.By$ByXPath.findElement(By.java:353)
at org.openqa.selenium.remote.RemoteWebDriver.findElement(RemoteWebDriver.java:315)
at org.openqa.selenium.support.pagefactory.DefaultElementLocator.findElement(DefaultElementLocator.java:69)
at org.openqa.selenium.support.pagefactory.internal.LocatingElementHandler.invoke(LocatingElementHandler.java:38)
at jdk.proxy2/jdk.proxy2.$Proxy17.click(Unknown Source)
at Pages.PractiseSite.clickOnAtSite(PractiseSite.java:35)
at TestPackage.VerifyPractiseSiteFunctionality.verifyKatalontutorial(VerifyPractiseSiteFunctionality.java:112)
at java.base/jdk.internal.reflect.DirectMethodHandleAccessor.invoke(DirectMethodHandleAccessor.java:104)
at java.base/java.lang.reflect.Method.invoke(Method.java:577)
at org.testng.internal.MethodInvocationHelper.invokeMethod(MethodInvocationHelper.java:133)
at org.testng.internal.TestInvoker.invokeMethod(TestInvoker.java:598)
at org.testng.internal.TestInvoker.invokeTestMethod(TestInvoker.java:173)
at org.testng.internal.MethodRunner.runInSequence(MethodRunner.java:46)
at org.testng.internal.TestInvoker$MethodInvocationAgent.invoke(TestInvoker.java:824)
at org.testng.internal.TestInvoker.invokeTestMethods(TestInvoker.java:146)
at org.testng.internal.TestMethodWorker.invokeTestMethods(TestMethodWorker.java:146)
at org.testng.internal.TestMethodWorker.run(TestMethodWorker.java:128)
at java.base/java.util.concurrent.ThreadPoolExecutor.runWorker(ThreadPoolExecutor.java:1136)
at java.base/java.util.concurrent.ThreadPoolExecutor$Worker.run(ThreadPoolExecutor.java:635)
at java.base/java.lang.Thread.run(Thread.java:833)
]]>
            </full-stacktrace>
          </exception> <!-- org.openqa.selenium.NoSuchElementException -->
          <reporter-output>
          </reporter-output>
        </test-method> <!-- verifyKatalontutorial -->
        <test-method is-config="true" signature="logOutfromApp(org.testng.ITestResult)[pri:0, instance:TestPackage.VerifyPractiseSiteFunctionality@4567f35d]" started-at="2022-11-02T13:58:43 IST" name="logOutfromApp" finished-at="2022-11-02T13:58:44 IST" duration-ms="443" status="PASS">
          <params>
            <param index="0">
              <value>
                <![CDATA[[TestResult name=verifyKatalontutorial status=FAILURE method=VerifyPractiseSiteFunctionality.verifyKatalontutorial()[pri:0, instance:TestPackage.VerifyPractiseSiteFunctionality@4567f35d] output={null}]]]>
              </value>
            </param>
          </params>
          <reporter-output>
          </reporter-output>
        </test-method> <!-- logOutfromApp -->
        <test-method is-config="true" signature="launchApplication()[pri:0, instance:TestPackage.VerifyPractiseSiteFunctionality@4567f35d]" started-at="2022-11-02T13:58:44 IST" name="launchApplication" finished-at="2022-11-02T13:59:05 IST" duration-ms="21425" status="PASS">
          <reporter-output>
          </reporter-output>
        </test-method> <!-- launchApplication -->
        <test-method signature="verifySeleniumtutorial()[pri:0, instance:TestPackage.VerifyPractiseSiteFunctionality@4567f35d]" started-at="2022-11-02T13:59:05 IST" name="verifySeleniumtutorial" finished-at="2022-11-02T13:59:09 IST" duration-ms="3527" status="PASS">
          <reporter-output>
          </reporter-output>
        </test-method> <!-- verifySeleniumtutorial -->
        <test-method is-config="true" signature="logOutfromApp(org.testng.ITestResult)[pri:0, instance:TestPackage.VerifyPractiseSiteFunctionality@4567f35d]" started-at="2022-11-02T13:59:09 IST" name="logOutfromApp" finished-at="2022-11-02T13:59:09 IST" duration-ms="840" status="PASS">
          <params>
            <param index="0">
              <value>
                <![CDATA[[TestResult name=verifySeleniumtutorial status=SUCCESS method=VerifyPractiseSiteFunctionality.verifySeleniumtutorial()[pri:0, instance:TestPackage.VerifyPractiseSiteFunctionality@4567f35d] output={null}]]]>
              </value>
            </param>
          </params>
          <reporter-output>
          </reporter-output>
        </test-method> <!-- logOutfromApp -->
        <test-method is-config="true" signature="clearObjects()[pri:0, instance:TestPackage.VerifyPractiseSiteFunctionality@4567f35d]" started-at="2022-11-02T13:59:09 IST" name="clearObjects" finished-at="2022-11-02T13:59:09 IST" duration-ms="1" status="PASS">
          <reporter-output>
          </reporter-output>
        </test-method> <!-- clearObjects -->
        <test-method is-config="true" signature="AfterClass()[pri:0, instance:TestPackage.VerifyPractiseSiteFunctionality@4567f35d]" started-at="2022-11-02T13:59:11 IST" name="AfterClass" finished-at="2022-11-02T13:59:12 IST" duration-ms="1107" status="PASS">
          <reporter-output>
          </reporter-output>
        </test-method> <!-- AfterClass -->
      </class> <!-- TestPackage.VerifyPractiseSiteFunctionality -->
    </test> <!-- FirfoxTest -->
  </suite> <!-- RegressionSuite -->
</testng-results>
